This file contains any messages produced by compilers while
running configure, to aid debugging if configure makes a mistake.

It was created by jude configure 2.0, which was
generated by GNU Autoconf 2.68.  Invocation command line was

  $ ../configure --prefix=/home/marrabld/Apps/jude2_install --with-qtdir=/home/marrabld/Apps/planarrad_free_src_0.9.4beta_2014_02_06/pretend_qt4_dir --enable-optimised=yes

## --------- ##
## Platform. ##
## --------- ##

hostname = marrabld-XPS-L521X
uname -m = x86_64
uname -r = 3.16.0-30-generic
uname -s = Linux
uname -v = #40-Ubuntu SMP Mon Jan 12 22:06:37 UTC 2015

/usr/bin/uname -p = unknown
/bin/uname -X     = unknown

/bin/arch              = unknown
/usr/bin/arch -k       = unknown
/usr/convex/getsysinfo = unknown
/usr/bin/hostinfo      = unknown
/bin/machine           = unknown
/usr/bin/oslevel       = unknown
/bin/universe          = unknown

PATH: /home/marrabld/Apps/jude2_install/bin
PATH: /bin
PATH: /usr/local/sbin
PATH: /usr/local/bin
PATH: /usr/sbin
PATH: /usr/bin
PATH: /sbin
PATH: /bin
PATH: /usr/games
PATH: /usr/local/games


## ----------- ##
## Core tests. ##
## ----------- ##

configure:2444: checking for a BSD-compatible install
configure:2512: result: /usr/bin/install -c
configure:2523: checking whether build environment is sane
configure:2573: result: yes
configure:2714: checking for a thread-safe mkdir -p
configure:2753: result: /bin/mkdir -p
configure:2766: checking for gawk
configure:2782: found /usr/bin/gawk
configure:2793: result: gawk
configure:2804: checking whether make sets $(MAKE)
configure:2826: result: yes
configure:2954: checking for gcc
configure:2970: found /usr/bin/gcc
configure:2981: result: gcc
configure:3210: checking for C compiler version
configure:3219: gcc --version >&5
gcc (Ubuntu 4.9.1-16ubuntu6) 4.9.1
Copyright (C) 2014 Free Software Foundation, Inc.
This is free software; see the source for copying conditions.  There is NO
warranty; not even for MERCHANTABILITY or FITNESS FOR A PARTICULAR PURPOSE.

configure:3230: $? = 0
configure:3219: gcc -v >&5
Using built-in specs.
COLLECT_GCC=gcc
COLLECT_LTO_WRAPPER=/usr/lib/gcc/x86_64-linux-gnu/4.9/lto-wrapper
Target: x86_64-linux-gnu
Configured with: ../src/configure -v --with-pkgversion='Ubuntu 4.9.1-16ubuntu6' --with-bugurl=file:///usr/share/doc/gcc-4.9/README.Bugs --enable-languages=c,c++,java,go,d,fortran,objc,obj-c++ --prefix=/usr --program-suffix=-4.9 --enable-shared --enable-linker-build-id --libexecdir=/usr/lib --without-included-gettext --enable-threads=posix --with-gxx-include-dir=/usr/include/c++/4.9 --libdir=/usr/lib --enable-nls --with-sysroot=/ --enable-clocale=gnu --enable-libstdcxx-debug --enable-libstdcxx-time=yes --enable-gnu-unique-object --disable-vtable-verify --enable-plugin --with-system-zlib --disable-browser-plugin --enable-java-awt=gtk --enable-gtk-cairo --with-java-home=/usr/lib/jvm/java-1.5.0-gcj-4.9-amd64/jre --enable-java-home --with-jvm-root-dir=/usr/lib/jvm/java-1.5.0-gcj-4.9-amd64 --with-jvm-jar-dir=/usr/lib/jvm-exports/java-1.5.0-gcj-4.9-amd64 --with-arch-directory=amd64 --with-ecj-jar=/usr/share/java/eclipse-ecj.jar --enable-objc-gc --enable-multiarch --disable-werror --with-arch-32=i686 --with-abi=m64 --with-multilib-list=m32,m64,mx32 --enable-multilib --with-tune=generic --enable-checking=release --build=x86_64-linux-gnu --host=x86_64-linux-gnu --target=x86_64-linux-gnu
Thread model: posix
gcc version 4.9.1 (Ubuntu 4.9.1-16ubuntu6) 
configure:3230: $? = 0
configure:3219: gcc -V >&5
gcc: error: unrecognized command line option '-V'
gcc: fatal error: no input files
compilation terminated.
configure:3230: $? = 4
configure:3219: gcc -qversion >&5
gcc: error: unrecognized command line option '-qversion'
gcc: fatal error: no input files
compilation terminated.
configure:3230: $? = 4
configure:3250: checking whether the C compiler works
configure:3272: gcc    conftest.c  >&5
configure:3276: $? = 0
configure:3324: result: yes
configure:3327: checking for C compiler default output file name
configure:3329: result: a.out
configure:3335: checking for suffix of executables
configure:3342: gcc -o conftest    conftest.c  >&5
configure:3346: $? = 0
configure:3368: result: 
configure:3390: checking whether we are cross compiling
configure:3398: gcc -o conftest    conftest.c  >&5
configure:3402: $? = 0
configure:3409: ./conftest
configure:3413: $? = 0
configure:3428: result: no
configure:3433: checking for suffix of object files
configure:3455: gcc -c   conftest.c >&5
configure:3459: $? = 0
configure:3480: result: o
configure:3484: checking whether we are using the GNU C compiler
configure:3503: gcc -c   conftest.c >&5
configure:3503: $? = 0
configure:3512: result: yes
configure:3521: checking whether gcc accepts -g
configure:3541: gcc -c -g  conftest.c >&5
configure:3541: $? = 0
configure:3582: result: yes
configure:3599: checking for gcc option to accept ISO C89
configure:3663: gcc  -c -g -O2  conftest.c >&5
configure:3663: $? = 0
configure:3676: result: none needed
configure:3707: checking for style of include used by make
configure:3735: result: GNU
configure:3761: checking dependency style of gcc
configure:3872: result: gcc3
configure:3945: checking for g++
configure:3961: found /usr/bin/g++
configure:3972: result: g++
configure:3999: checking for C++ compiler version
configure:4008: g++ --version >&5
g++ (Ubuntu 4.9.1-16ubuntu6) 4.9.1
Copyright (C) 2014 Free Software Foundation, Inc.
This is free software; see the source for copying conditions.  There is NO
warranty; not even for MERCHANTABILITY or FITNESS FOR A PARTICULAR PURPOSE.

configure:4019: $? = 0
configure:4008: g++ -v >&5
Using built-in specs.
COLLECT_GCC=g++
COLLECT_LTO_WRAPPER=/usr/lib/gcc/x86_64-linux-gnu/4.9/lto-wrapper
Target: x86_64-linux-gnu
Configured with: ../src/configure -v --with-pkgversion='Ubuntu 4.9.1-16ubuntu6' --with-bugurl=file:///usr/share/doc/gcc-4.9/README.Bugs --enable-languages=c,c++,java,go,d,fortran,objc,obj-c++ --prefix=/usr --program-suffix=-4.9 --enable-shared --enable-linker-build-id --libexecdir=/usr/lib --without-included-gettext --enable-threads=posix --with-gxx-include-dir=/usr/include/c++/4.9 --libdir=/usr/lib --enable-nls --with-sysroot=/ --enable-clocale=gnu --enable-libstdcxx-debug --enable-libstdcxx-time=yes --enable-gnu-unique-object --disable-vtable-verify --enable-plugin --with-system-zlib --disable-browser-plugin --enable-java-awt=gtk --enable-gtk-cairo --with-java-home=/usr/lib/jvm/java-1.5.0-gcj-4.9-amd64/jre --enable-java-home --with-jvm-root-dir=/usr/lib/jvm/java-1.5.0-gcj-4.9-amd64 --with-jvm-jar-dir=/usr/lib/jvm-exports/java-1.5.0-gcj-4.9-amd64 --with-arch-directory=amd64 --with-ecj-jar=/usr/share/java/eclipse-ecj.jar --enable-objc-gc --enable-multiarch --disable-werror --with-arch-32=i686 --with-abi=m64 --with-multilib-list=m32,m64,mx32 --enable-multilib --with-tune=generic --enable-checking=release --build=x86_64-linux-gnu --host=x86_64-linux-gnu --target=x86_64-linux-gnu
Thread model: posix
gcc version 4.9.1 (Ubuntu 4.9.1-16ubuntu6) 
configure:4019: $? = 0
configure:4008: g++ -V >&5
g++: error: unrecognized command line option '-V'
g++: fatal error: no input files
compilation terminated.
configure:4019: $? = 4
configure:4008: g++ -qversion >&5
g++: error: unrecognized command line option '-qversion'
g++: fatal error: no input files
compilation terminated.
configure:4019: $? = 4
configure:4023: checking whether we are using the GNU C++ compiler
configure:4042: g++ -c   conftest.cpp >&5
configure:4042: $? = 0
configure:4051: result: yes
configure:4060: checking whether g++ accepts -g
configure:4080: g++ -c -g  conftest.cpp >&5
configure:4080: $? = 0
configure:4121: result: yes
configure:4146: checking dependency style of g++
configure:4257: result: gcc3
configure:4277: checking build system type
configure:4291: result: x86_64-unknown-linux-gnu
configure:4311: checking host system type
configure:4324: result: x86_64-unknown-linux-gnu
configure:4693: checking how to print strings
configure:4720: result: printf
configure:4741: checking for a sed that does not truncate output
configure:4805: result: /bin/sed
configure:4823: checking for grep that handles long lines and -e
configure:4881: result: /bin/grep
configure:4886: checking for egrep
configure:4948: result: /bin/grep -E
configure:4953: checking for fgrep
configure:5015: result: /bin/grep -F
configure:5050: checking for ld used by gcc
configure:5117: result: /usr/bin/ld
configure:5124: checking if the linker (/usr/bin/ld) is GNU ld
configure:5139: result: yes
configure:5151: checking for BSD- or MS-compatible name lister (nm)
configure:5200: result: /usr/bin/nm -B
configure:5330: checking the name lister (/usr/bin/nm -B) interface
configure:5337: gcc -c -g -O2  conftest.c >&5
configure:5340: /usr/bin/nm -B "conftest.o"
configure:5343: output
0000000000000000 B some_variable
configure:5350: result: BSD nm
configure:5353: checking whether ln -s works
configure:5357: result: yes
configure:5365: checking the maximum length of command line arguments
configure:5495: result: 1572864
configure:5512: checking whether the shell understands some XSI constructs
configure:5522: result: yes
configure:5526: checking whether the shell understands "+="
configure:5532: result: yes
configure:5567: checking how to convert x86_64-unknown-linux-gnu file names to x86_64-unknown-linux-gnu format
configure:5607: result: func_convert_file_noop
configure:5614: checking how to convert x86_64-unknown-linux-gnu file names to toolchain format
configure:5634: result: func_convert_file_noop
configure:5641: checking for /usr/bin/ld option to reload object files
configure:5648: result: -r
configure:5722: checking for objdump
configure:5749: result: objdump
configure:5778: checking how to recognize dependent libraries
configure:5980: result: pass_all
configure:6065: checking for dlltool
configure:6092: result: dlltool
configure:6122: checking how to associate runtime and link libraries
configure:6149: result: printf %s\n
configure:6210: checking for ar
configure:6226: found /usr/bin/ar
configure:6237: result: ar
configure:6274: checking for archiver @FILE support
configure:6291: gcc -c -g -O2  conftest.c >&5
configure:6291: $? = 0
configure:6294: ar cru libconftest.a @conftest.lst >&5
configure:6297: $? = 0
configure:6302: ar cru libconftest.a @conftest.lst >&5
ar: conftest.o: No such file or directory
configure:6305: $? = 1
configure:6317: result: @
configure:6375: checking for strip
configure:6391: found /usr/bin/strip
configure:6402: result: strip
configure:6474: checking for ranlib
configure:6490: found /usr/bin/ranlib
configure:6501: result: ranlib
configure:6603: checking command to parse /usr/bin/nm -B output from gcc object
configure:6723: gcc -c -g -O2  conftest.c >&5
configure:6726: $? = 0
configure:6730: /usr/bin/nm -B conftest.o \| sed -n -e 's/^.*[ ]\([ABCDGIRSTW][ABCDGIRSTW]*\)[ ][ ]*\([_A-Za-z][_A-Za-z0-9]*\)$/\1 \2 \2/p' | sed '/ __gnu_lto/d' \> conftest.nm
configure:6733: $? = 0
configure:6799: gcc -o conftest -g -O2   conftest.c conftstm.o >&5
configure:6802: $? = 0
configure:6840: result: ok
configure:6877: checking for sysroot
configure:6907: result: no
configure:6984: gcc -c -g -O2  conftest.c >&5
configure:6987: $? = 0
configure:7163: checking for mt
configure:7179: found /bin/mt
configure:7190: result: mt
configure:7213: checking if mt is a manifest tool
configure:7219: mt '-?'
configure:7227: result: no
configure:7869: checking how to run the C preprocessor
configure:7900: gcc -E  conftest.c
configure:7900: $? = 0
configure:7914: gcc -E  conftest.c
conftest.c:11:28: fatal error: ac_nonexistent.h: No such file or directory
 #include <ac_nonexistent.h>
                            ^
compilation terminated.
configure:7914: $? = 1
configure: failed program was:
| /* confdefs.h */
| #define PACKAGE_NAME "jude"
| #define PACKAGE_TARNAME "jude"
| #define PACKAGE_VERSION "2.0"
| #define PACKAGE_STRING "jude 2.0"
| #define PACKAGE_BUGREPORT "j.d.hedley@planarrad.com"
| #define PACKAGE_URL ""
| #define PACKAGE "jude"
| #define VERSION "2.0"
| /* end confdefs.h.  */
| #include <ac_nonexistent.h>
configure:7939: result: gcc -E
configure:7959: gcc -E  conftest.c
configure:7959: $? = 0
configure:7973: gcc -E  conftest.c
conftest.c:11:28: fatal error: ac_nonexistent.h: No such file or directory
 #include <ac_nonexistent.h>
                            ^
compilation terminated.
configure:7973: $? = 1
configure: failed program was:
| /* confdefs.h */
| #define PACKAGE_NAME "jude"
| #define PACKAGE_TARNAME "jude"
| #define PACKAGE_VERSION "2.0"
| #define PACKAGE_STRING "jude 2.0"
| #define PACKAGE_BUGREPORT "j.d.hedley@planarrad.com"
| #define PACKAGE_URL ""
| #define PACKAGE "jude"
| #define VERSION "2.0"
| /* end confdefs.h.  */
| #include <ac_nonexistent.h>
configure:8002: checking for ANSI C header files
configure:8022: gcc -c -g -O2  conftest.c >&5
configure:8022: $? = 0
configure:8095: gcc -o conftest -g -O2   conftest.c  >&5
configure:8095: $? = 0
configure:8095: ./conftest
configure:8095: $? = 0
configure:8106: result: yes
configure:8119: checking for sys/types.h
configure:8119: gcc -c -g -O2  conftest.c >&5
configure:8119: $? = 0
configure:8119: result: yes
configure:8119: checking for sys/stat.h
configure:8119: gcc -c -g -O2  conftest.c >&5
configure:8119: $? = 0
configure:8119: result: yes
configure:8119: checking for stdlib.h
configure:8119: gcc -c -g -O2  conftest.c >&5
configure:8119: $? = 0
configure:8119: result: yes
configure:8119: checking for string.h
configure:8119: gcc -c -g -O2  conftest.c >&5
configure:8119: $? = 0
configure:8119: result: yes
configure:8119: checking for memory.h
configure:8119: gcc -c -g -O2  conftest.c >&5
configure:8119: $? = 0
configure:8119: result: yes
configure:8119: checking for strings.h
configure:8119: gcc -c -g -O2  conftest.c >&5
configure:8119: $? = 0
configure:8119: result: yes
configure:8119: checking for inttypes.h
configure:8119: gcc -c -g -O2  conftest.c >&5
configure:8119: $? = 0
configure:8119: result: yes
configure:8119: checking for stdint.h
configure:8119: gcc -c -g -O2  conftest.c >&5
configure:8119: $? = 0
configure:8119: result: yes
configure:8119: checking for unistd.h
configure:8119: gcc -c -g -O2  conftest.c >&5
configure:8119: $? = 0
configure:8119: result: yes
configure:8133: checking for dlfcn.h
configure:8133: gcc -c -g -O2  conftest.c >&5
configure:8133: $? = 0
configure:8133: result: yes
configure:8348: checking for objdir
configure:8363: result: .libs
configure:8634: checking if gcc supports -fno-rtti -fno-exceptions
configure:8652: gcc -c -g -O2  -fno-rtti -fno-exceptions conftest.c >&5
cc1: warning: command line option '-fno-rtti' is valid for C++/ObjC++ but not for C
configure:8656: $? = 0
configure:8669: result: no
configure:8996: checking for gcc option to produce PIC
configure:9003: result: -fPIC -DPIC
configure:9011: checking if gcc PIC flag -fPIC -DPIC works
configure:9029: gcc -c -g -O2  -fPIC -DPIC -DPIC conftest.c >&5
configure:9033: $? = 0
configure:9046: result: yes
configure:9075: checking if gcc static flag -static works
configure:9103: result: yes
configure:9118: checking if gcc supports -c -o file.o
configure:9139: gcc -c -g -O2  -o out/conftest2.o conftest.c >&5
configure:9143: $? = 0
configure:9165: result: yes
configure:9173: checking if gcc supports -c -o file.o
configure:9220: result: yes
configure:9253: checking whether the gcc linker (/usr/bin/ld -m elf_x86_64) supports shared libraries
configure:10406: result: yes
configure:10443: checking whether -lc should be explicitly linked in
configure:10451: gcc -c -g -O2  conftest.c >&5
configure:10454: $? = 0
configure:10469: gcc -shared  -fPIC -DPIC conftest.o  -v -Wl,-soname -Wl,conftest -o conftest 2\>\&1 \| /bin/grep  -lc  \>/dev/null 2\>\&1
configure:10472: $? = 0
configure:10486: result: no
configure:10646: checking dynamic linker characteristics
configure:11157: gcc -o conftest -g -O2   -Wl,-rpath -Wl,/foo conftest.c  >&5
configure:11157: $? = 0
configure:11383: result: GNU/Linux ld.so
configure:11490: checking how to hardcode library paths into programs
configure:11515: result: immediate
configure:12055: checking whether stripping libraries is possible
configure:12060: result: yes
configure:12095: checking if libtool supports shared libraries
configure:12097: result: yes
configure:12100: checking whether to build shared libraries
configure:12121: result: yes
configure:12124: checking whether to build static libraries
configure:12128: result: yes
configure:12151: checking how to run the C++ preprocessor
configure:12178: g++ -E  conftest.cpp
configure:12178: $? = 0
configure:12192: g++ -E  conftest.cpp
conftest.cpp:23:28: fatal error: ac_nonexistent.h: No such file or directory
 #include <ac_nonexistent.h>
                            ^
compilation terminated.
configure:12192: $? = 1
configure: failed program was:
| /* confdefs.h */
| #define PACKAGE_NAME "jude"
| #define PACKAGE_TARNAME "jude"
| #define PACKAGE_VERSION "2.0"
| #define PACKAGE_STRING "jude 2.0"
| #define PACKAGE_BUGREPORT "j.d.hedley@planarrad.com"
| #define PACKAGE_URL ""
| #define PACKAGE "jude"
| #define VERSION "2.0"
| #define STDC_HEADERS 1
| #define HAVE_SYS_TYPES_H 1
| #define HAVE_SYS_STAT_H 1
| #define HAVE_STDLIB_H 1
| #define HAVE_STRING_H 1
| #define HAVE_MEMORY_H 1
| #define HAVE_STRINGS_H 1
| #define HAVE_INTTYPES_H 1
| #define HAVE_STDINT_H 1
| #define HAVE_UNISTD_H 1
| #define HAVE_DLFCN_H 1
| #define LT_OBJDIR ".libs/"
| /* end confdefs.h.  */
| #include <ac_nonexistent.h>
configure:12217: result: g++ -E
configure:12237: g++ -E  conftest.cpp
configure:12237: $? = 0
configure:12251: g++ -E  conftest.cpp
conftest.cpp:23:28: fatal error: ac_nonexistent.h: No such file or directory
 #include <ac_nonexistent.h>
                            ^
compilation terminated.
configure:12251: $? = 1
configure: failed program was:
| /* confdefs.h */
| #define PACKAGE_NAME "jude"
| #define PACKAGE_TARNAME "jude"
| #define PACKAGE_VERSION "2.0"
| #define PACKAGE_STRING "jude 2.0"
| #define PACKAGE_BUGREPORT "j.d.hedley@planarrad.com"
| #define PACKAGE_URL ""
| #define PACKAGE "jude"
| #define VERSION "2.0"
| #define STDC_HEADERS 1
| #define HAVE_SYS_TYPES_H 1
| #define HAVE_SYS_STAT_H 1
| #define HAVE_STDLIB_H 1
| #define HAVE_STRING_H 1
| #define HAVE_MEMORY_H 1
| #define HAVE_STRINGS_H 1
| #define HAVE_INTTYPES_H 1
| #define HAVE_STDINT_H 1
| #define HAVE_UNISTD_H 1
| #define HAVE_DLFCN_H 1
| #define LT_OBJDIR ".libs/"
| /* end confdefs.h.  */
| #include <ac_nonexistent.h>
configure:12420: checking for ld used by g++
configure:12487: result: /usr/bin/ld -m elf_x86_64
configure:12494: checking if the linker (/usr/bin/ld -m elf_x86_64) is GNU ld
configure:12509: result: yes
configure:12564: checking whether the g++ linker (/usr/bin/ld -m elf_x86_64) supports shared libraries
configure:13569: result: yes
configure:13605: g++ -c -g -O2  conftest.cpp >&5
configure:13608: $? = 0
configure:14128: checking for g++ option to produce PIC
configure:14135: result: -fPIC -DPIC
configure:14143: checking if g++ PIC flag -fPIC -DPIC works
configure:14161: g++ -c -g -O2  -fPIC -DPIC -DPIC conftest.cpp >&5
configure:14165: $? = 0
configure:14178: result: yes
configure:14201: checking if g++ static flag -static works
configure:14229: result: yes
configure:14241: checking if g++ supports -c -o file.o
configure:14262: g++ -c -g -O2  -o out/conftest2.o conftest.cpp >&5
configure:14266: $? = 0
configure:14288: result: yes
configure:14293: checking if g++ supports -c -o file.o
configure:14340: result: yes
configure:14370: checking whether the g++ linker (/usr/bin/ld -m elf_x86_64) supports shared libraries
configure:14406: result: yes
configure:14547: checking dynamic linker characteristics
configure:15218: result: GNU/Linux ld.so
configure:15271: checking how to hardcode library paths into programs
configure:15296: result: immediate
configure:15389: checking optimised compile (--enable-optimised)
configure:15396: result: yes
configure:15432: checking for X
configure:15540: gcc -E  conftest.c
configure:15540: $? = 0
configure:15571: gcc -o conftest -g -O2   conftest.c -lX11  >&5
configure:15571: $? = 0
configure:15621: result: libraries , headers 
configure:15629: checking QTDIR
configure:15647: result: /home/marrabld/Apps/planarrad_free_src_0.9.4beta_2014_02_06/pretend_qt4_dir
configure:15657: checking Qt version
configure:15695: result: 486 (4)
configure:15699: checking moc path
configure:15710: checking for moc
configure:15726: found /home/marrabld/Apps/planarrad_free_src_0.9.4beta_2014_02_06/pretend_qt4_dir/bin/moc
configure:15737: result: /home/marrabld/Apps/planarrad_free_src_0.9.4beta_2014_02_06/pretend_qt4_dir/bin/moc
configure:15749: result: /home/marrabld/Apps/planarrad_free_src_0.9.4beta_2014_02_06/pretend_qt4_dir/bin/moc
configure:15754: checking uic path
configure:15765: checking for uic
configure:15781: found /home/marrabld/Apps/planarrad_free_src_0.9.4beta_2014_02_06/pretend_qt4_dir/bin/uic
configure:15792: result: /home/marrabld/Apps/planarrad_free_src_0.9.4beta_2014_02_06/pretend_qt4_dir/bin/uic
configure:15804: result: /home/marrabld/Apps/planarrad_free_src_0.9.4beta_2014_02_06/pretend_qt4_dir/bin/uic
configure:15890: checking if Qt is static
configure:15892: result: yes
configure:15894: checking if Qt is multithreaded
configure:15896: result: yes
configure:15898: checking if Qt is embedded
configure:15900: result: no
configure:15983: checking for XftFontOpen in -lXft
configure:16008: gcc -o conftest -g -O2   conftest.c -lXft  -L/home/marrabld/Apps/planarrad_free_src_0.9.4beta_2014_02_06/pretend_qt4_dir/lib -lQtCore -lQtGui -lQt3Support -lXext -lX11 -lm -lSM -lICE -ldl -ljpeg >&5
configure:16008: $? = 0
configure:16017: result: yes
configure:16026: checking QT_CXXFLAGS
configure:16028: result: -I/home/marrabld/Apps/planarrad_free_src_0.9.4beta_2014_02_06/pretend_qt4_dir/include -I/home/marrabld/Apps/planarrad_free_src_0.9.4beta_2014_02_06/pretend_qt4_dir/include/QtCore -I/home/marrabld/Apps/planarrad_free_src_0.9.4beta_2014_02_06/pretend_qt4_dir/include/QtGui -I/home/marrabld/Apps/planarrad_free_src_0.9.4beta_2014_02_06/pretend_qt4_dir/include/Qt3Support -DQT3_SUPPORT -D_REENTRANT -DQT_THREAD_SUPPORT
configure:16030: checking QT_LDADD
configure:16032: result: -L/home/marrabld/Apps/planarrad_free_src_0.9.4beta_2014_02_06/pretend_qt4_dir/lib -lQtCore -lQtGui -lQt3Support -lXext -lX11 -lm -lSM -lICE -ldl -ljpeg -lXft
configure:16046: checking QTLIBDIR
configure:16062: result: 
configure:16090: checking for posix_memalign
configure:16090: gcc -o conftest -g -O2   conftest.c -L/home/marrabld/Apps/planarrad_free_src_0.9.4beta_2014_02_06/pretend_qt4_dir/lib -lQtCore -lQtGui -lQt3Support -lXext -lX11 -lm -lSM -lICE -ldl -ljpeg >&5
conftest.c:47:6: warning: conflicting types for built-in function 'posix_memalign'
 char posix_memalign ();
      ^
configure:16090: $? = 0
configure:16090: result: yes
configure:16097: checking for ioperm
configure:16097: gcc -o conftest -g -O2   conftest.c -L/home/marrabld/Apps/planarrad_free_src_0.9.4beta_2014_02_06/pretend_qt4_dir/lib -lQtCore -lQtGui -lQt3Support -lXext -lX11 -lm -lSM -lICE -ldl -ljpeg >&5
configure:16097: $? = 0
configure:16097: result: yes
configure:16108: checking for floor
configure:16108: gcc -o conftest -g -O2   conftest.c -L/home/marrabld/Apps/planarrad_free_src_0.9.4beta_2014_02_06/pretend_qt4_dir/lib -lQtCore -lQtGui -lQt3Support -lXext -lX11 -lm -lSM -lICE -ldl -ljpeg >&5
conftest.c:49:6: warning: conflicting types for built-in function 'floor'
 char floor ();
      ^
configure:16108: $? = 0
configure:16108: result: yes
configure:16119: checking for gettimeofday
configure:16119: gcc -o conftest -g -O2   conftest.c -L/home/marrabld/Apps/planarrad_free_src_0.9.4beta_2014_02_06/pretend_qt4_dir/lib -lQtCore -lQtGui -lQt3Support -lXext -lX11 -lm -lSM -lICE -ldl -ljpeg >&5
configure:16119: $? = 0
configure:16119: result: yes
configure:16130: checking for memset
configure:16130: gcc -o conftest -g -O2   conftest.c -L/home/marrabld/Apps/planarrad_free_src_0.9.4beta_2014_02_06/pretend_qt4_dir/lib -lQtCore -lQtGui -lQt3Support -lXext -lX11 -lm -lSM -lICE -ldl -ljpeg >&5
conftest.c:51:6: warning: conflicting types for built-in function 'memset'
 char memset ();
      ^
configure:16130: $? = 0
configure:16130: result: yes
configure:16141: checking for pow
configure:16141: gcc -o conftest -g -O2   conftest.c -L/home/marrabld/Apps/planarrad_free_src_0.9.4beta_2014_02_06/pretend_qt4_dir/lib -lQtCore -lQtGui -lQt3Support -lXext -lX11 -lm -lSM -lICE -ldl -ljpeg >&5
conftest.c:52:6: warning: conflicting types for built-in function 'pow'
 char pow ();
      ^
configure:16141: $? = 0
configure:16141: result: yes
configure:16152: checking for sqrt
configure:16152: gcc -o conftest -g -O2   conftest.c -L/home/marrabld/Apps/planarrad_free_src_0.9.4beta_2014_02_06/pretend_qt4_dir/lib -lQtCore -lQtGui -lQt3Support -lXext -lX11 -lm -lSM -lICE -ldl -ljpeg >&5
conftest.c:53:6: warning: conflicting types for built-in function 'sqrt'
 char sqrt ();
      ^
configure:16152: $? = 0
configure:16152: result: yes
configure:16163: checking sys/time.h usability
configure:16163: gcc -c -g -O2  conftest.c >&5
configure:16163: $? = 0
configure:16163: result: yes
configure:16163: checking sys/time.h presence
configure:16163: gcc -E  conftest.c
configure:16163: $? = 0
configure:16163: result: yes
configure:16163: checking for sys/time.h
configure:16163: result: yes
configure:16173: checking for an ANSI C-conforming const
configure:16238: gcc -c -g -O2  conftest.c >&5
configure:16238: $? = 0
configure:16245: result: yes
configure:16253: checking for inline
configure:16269: gcc -c -g -O2  conftest.c >&5
configure:16269: $? = 0
configure:16277: result: inline
configure:16295: checking for working memcmp
configure:16338: gcc -o conftest -g -O2   conftest.c -L/home/marrabld/Apps/planarrad_free_src_0.9.4beta_2014_02_06/pretend_qt4_dir/lib -lQtCore -lQtGui -lQt3Support -lXext -lX11 -lm -lSM -lICE -ldl -ljpeg >&5
configure:16338: $? = 0
configure:16338: ./conftest
configure:16338: $? = 0
configure:16348: result: yes
configure:16359: checking for vprintf
configure:16359: gcc -o conftest -g -O2   conftest.c -L/home/marrabld/Apps/planarrad_free_src_0.9.4beta_2014_02_06/pretend_qt4_dir/lib -lQtCore -lQtGui -lQt3Support -lXext -lX11 -lm -lSM -lICE -ldl -ljpeg >&5
conftest.c:55:6: warning: conflicting types for built-in function 'vprintf'
 char vprintf ();
      ^
configure:16359: $? = 0
configure:16359: result: yes
configure:16365: checking for _doprnt
configure:16365: gcc -o conftest -g -O2   conftest.c -L/home/marrabld/Apps/planarrad_free_src_0.9.4beta_2014_02_06/pretend_qt4_dir/lib -lQtCore -lQtGui -lQt3Support -lXext -lX11 -lm -lSM -lICE -ldl -ljpeg >&5
/tmp/ccX2PdJw.o: In function `main':
/home/marrabld/Apps/planarrad_free_src_0.9.4beta_2014_02_06/build/conftest.c:67: undefined reference to `_doprnt'
collect2: error: ld returned 1 exit status
configure:16365: $? = 1
configure: failed program was:
| /* confdefs.h */
| #define PACKAGE_NAME "jude"
| #define PACKAGE_TARNAME "jude"
| #define PACKAGE_VERSION "2.0"
| #define PACKAGE_STRING "jude 2.0"
| #define PACKAGE_BUGREPORT "j.d.hedley@planarrad.com"
| #define PACKAGE_URL ""
| #define PACKAGE "jude"
| #define VERSION "2.0"
| #define STDC_HEADERS 1
| #define HAVE_SYS_TYPES_H 1
| #define HAVE_SYS_STAT_H 1
| #define HAVE_STDLIB_H 1
| #define HAVE_STRING_H 1
| #define HAVE_MEMORY_H 1
| #define HAVE_STRINGS_H 1
| #define HAVE_INTTYPES_H 1
| #define HAVE_STDINT_H 1
| #define HAVE_UNISTD_H 1
| #define HAVE_DLFCN_H 1
| #define LT_OBJDIR ".libs/"
| #define FREE_VERSION 1
| #define HAVE_POSIX_MEMALIGN 1
| #define HAVE_IOPERM 1
| #define HAVE_FLOOR 1
| #define HAVE_GETTIMEOFDAY 1
| #define HAVE_MEMSET 1
| #define HAVE_POW 1
| #define HAVE_SQRT 1
| #define HAVE_SYS_TIME_H 1
| #define HAVE_VPRINTF 1
| /* end confdefs.h.  */
| /* Define _doprnt to an innocuous variant, in case <limits.h> declares _doprnt.
|    For example, HP-UX 11i <limits.h> declares gettimeofday.  */
| #define _doprnt innocuous__doprnt
| 
| /* System header to define __stub macros and hopefully few prototypes,
|     which can conflict with char _doprnt (); below.
|     Prefer <limits.h> to <assert.h> if __STDC__ is defined, since
|     <limits.h> exists even on freestanding compilers.  */
| 
| #ifdef __STDC__
| # include <limits.h>
| #else
| # include <assert.h>
| #endif
| 
| #undef _doprnt
| 
| /* Override any GCC internal prototype to avoid an error.
|    Use char because int might match the return type of a GCC
|    builtin and then its argument prototype would still apply.  */
| #ifdef __cplusplus
| extern "C"
| #endif
| char _doprnt ();
| /* The GNU C library defines this for functions which it implements
|     to always fail with ENOSYS.  Some functions are actually named
|     something starting with __ and the normal name is an alias.  */
| #if defined __stub__doprnt || defined __stub____doprnt
| choke me
| #endif
| 
| int
| main ()
| {
| return _doprnt ();
|   ;
|   return 0;
| }
configure:16365: result: no
configure:16376: checking for stdbool.h that conforms to C99
configure:16443: gcc -c -g -O2  conftest.c >&5
configure:16443: $? = 0
configure:16450: result: yes
configure:16452: checking for _Bool
configure:16452: gcc -c -g -O2  conftest.c >&5
configure:16452: $? = 0
configure:16452: gcc -c -g -O2  conftest.c >&5
conftest.c: In function 'main':
conftest.c:69:20: error: expected expression before ')' token
 if (sizeof ((_Bool)))
                    ^
configure:16452: $? = 1
configure: failed program was:
| /* confdefs.h */
| #define PACKAGE_NAME "jude"
| #define PACKAGE_TARNAME "jude"
| #define PACKAGE_VERSION "2.0"
| #define PACKAGE_STRING "jude 2.0"
| #define PACKAGE_BUGREPORT "j.d.hedley@planarrad.com"
| #define PACKAGE_URL ""
| #define PACKAGE "jude"
| #define VERSION "2.0"
| #define STDC_HEADERS 1
| #define HAVE_SYS_TYPES_H 1
| #define HAVE_SYS_STAT_H 1
| #define HAVE_STDLIB_H 1
| #define HAVE_STRING_H 1
| #define HAVE_MEMORY_H 1
| #define HAVE_STRINGS_H 1
| #define HAVE_INTTYPES_H 1
| #define HAVE_STDINT_H 1
| #define HAVE_UNISTD_H 1
| #define HAVE_DLFCN_H 1
| #define LT_OBJDIR ".libs/"
| #define FREE_VERSION 1
| #define HAVE_POSIX_MEMALIGN 1
| #define HAVE_IOPERM 1
| #define HAVE_FLOOR 1
| #define HAVE_GETTIMEOFDAY 1
| #define HAVE_MEMSET 1
| #define HAVE_POW 1
| #define HAVE_SQRT 1
| #define HAVE_SYS_TIME_H 1
| #define HAVE_VPRINTF 1
| /* end confdefs.h.  */
| #include <stdio.h>
| #ifdef HAVE_SYS_TYPES_H
| # include <sys/types.h>
| #endif
| #ifdef HAVE_SYS_STAT_H
| # include <sys/stat.h>
| #endif
| #ifdef STDC_HEADERS
| # include <stdlib.h>
| # include <stddef.h>
| #else
| # ifdef HAVE_STDLIB_H
| #  include <stdlib.h>
| # endif
| #endif
| #ifdef HAVE_STRING_H
| # if !defined STDC_HEADERS && defined HAVE_MEMORY_H
| #  include <memory.h>
| # endif
| # include <string.h>
| #endif
| #ifdef HAVE_STRINGS_H
| # include <strings.h>
| #endif
| #ifdef HAVE_INTTYPES_H
| # include <inttypes.h>
| #endif
| #ifdef HAVE_STDINT_H
| # include <stdint.h>
| #endif
| #ifdef HAVE_UNISTD_H
| # include <unistd.h>
| #endif
| int
| main ()
| {
| if (sizeof ((_Bool)))
| 	    return 0;
|   ;
|   return 0;
| }
configure:16452: result: yes
configure:16468: checking whether time.h and sys/time.h may both be included
configure:16488: gcc -c -g -O2  conftest.c >&5
configure:16488: $? = 0
configure:16495: result: yes
configure:16503: checking return type of signal handlers
configure:16521: gcc -c -g -O2  conftest.c >&5
conftest.c: In function 'main':
conftest.c:42:1: error: void value not ignored as it ought to be
 return *(signal (0, 0)) (0) == 1;
 ^
configure:16521: $? = 1
configure: failed program was:
| /* confdefs.h */
| #define PACKAGE_NAME "jude"
| #define PACKAGE_TARNAME "jude"
| #define PACKAGE_VERSION "2.0"
| #define PACKAGE_STRING "jude 2.0"
| #define PACKAGE_BUGREPORT "j.d.hedley@planarrad.com"
| #define PACKAGE_URL ""
| #define PACKAGE "jude"
| #define VERSION "2.0"
| #define STDC_HEADERS 1
| #define HAVE_SYS_TYPES_H 1
| #define HAVE_SYS_STAT_H 1
| #define HAVE_STDLIB_H 1
| #define HAVE_STRING_H 1
| #define HAVE_MEMORY_H 1
| #define HAVE_STRINGS_H 1
| #define HAVE_INTTYPES_H 1
| #define HAVE_STDINT_H 1
| #define HAVE_UNISTD_H 1
| #define HAVE_DLFCN_H 1
| #define LT_OBJDIR ".libs/"
| #define FREE_VERSION 1
| #define HAVE_POSIX_MEMALIGN 1
| #define HAVE_IOPERM 1
| #define HAVE_FLOOR 1
| #define HAVE_GETTIMEOFDAY 1
| #define HAVE_MEMSET 1
| #define HAVE_POW 1
| #define HAVE_SQRT 1
| #define HAVE_SYS_TIME_H 1
| #define HAVE_VPRINTF 1
| #define HAVE__BOOL 1
| #define HAVE_STDBOOL_H 1
| #define TIME_WITH_SYS_TIME 1
| /* end confdefs.h.  */
| #include <sys/types.h>
| #include <signal.h>
| 
| int
| main ()
| {
| return *(signal (0, 0)) (0) == 1;
|   ;
|   return 0;
| }
configure:16528: result: void
configure:16536: checking for size_t
configure:16536: gcc -c -g -O2  conftest.c >&5
configure:16536: $? = 0
configure:16536: gcc -c -g -O2  conftest.c >&5
conftest.c: In function 'main':
conftest.c:73:21: error: expected expression before ')' token
 if (sizeof ((size_t)))
                     ^
configure:16536: $? = 1
configure: failed program was:
| /* confdefs.h */
| #define PACKAGE_NAME "jude"
| #define PACKAGE_TARNAME "jude"
| #define PACKAGE_VERSION "2.0"
| #define PACKAGE_STRING "jude 2.0"
| #define PACKAGE_BUGREPORT "j.d.hedley@planarrad.com"
| #define PACKAGE_URL ""
| #define PACKAGE "jude"
| #define VERSION "2.0"
| #define STDC_HEADERS 1
| #define HAVE_SYS_TYPES_H 1
| #define HAVE_SYS_STAT_H 1
| #define HAVE_STDLIB_H 1
| #define HAVE_STRING_H 1
| #define HAVE_MEMORY_H 1
| #define HAVE_STRINGS_H 1
| #define HAVE_INTTYPES_H 1
| #define HAVE_STDINT_H 1
| #define HAVE_UNISTD_H 1
| #define HAVE_DLFCN_H 1
| #define LT_OBJDIR ".libs/"
| #define FREE_VERSION 1
| #define HAVE_POSIX_MEMALIGN 1
| #define HAVE_IOPERM 1
| #define HAVE_FLOOR 1
| #define HAVE_GETTIMEOFDAY 1
| #define HAVE_MEMSET 1
| #define HAVE_POW 1
| #define HAVE_SQRT 1
| #define HAVE_SYS_TIME_H 1
| #define HAVE_VPRINTF 1
| #define HAVE__BOOL 1
| #define HAVE_STDBOOL_H 1
| #define TIME_WITH_SYS_TIME 1
| #define RETSIGTYPE void
| /* end confdefs.h.  */
| #include <stdio.h>
| #ifdef HAVE_SYS_TYPES_H
| # include <sys/types.h>
| #endif
| #ifdef HAVE_SYS_STAT_H
| # include <sys/stat.h>
| #endif
| #ifdef STDC_HEADERS
| # include <stdlib.h>
| # include <stddef.h>
| #else
| # ifdef HAVE_STDLIB_H
| #  include <stdlib.h>
| # endif
| #endif
| #ifdef HAVE_STRING_H
| # if !defined STDC_HEADERS && defined HAVE_MEMORY_H
| #  include <memory.h>
| # endif
| # include <string.h>
| #endif
| #ifdef HAVE_STRINGS_H
| # include <strings.h>
| #endif
| #ifdef HAVE_INTTYPES_H
| # include <inttypes.h>
| #endif
| #ifdef HAVE_STDINT_H
| # include <stdint.h>
| #endif
| #ifdef HAVE_UNISTD_H
| # include <unistd.h>
| #endif
| int
| main ()
| {
| if (sizeof ((size_t)))
| 	    return 0;
|   ;
|   return 0;
| }
configure:16536: result: yes
configure:16631: creating ./config.status

## ---------------------- ##
## Running config.status. ##
## ---------------------- ##

This file was extended by jude config.status 2.0, which was
generated by GNU Autoconf 2.68.  Invocation command line was

  CONFIG_FILES    = 
  CONFIG_HEADERS  = 
  CONFIG_LINKS    = 
  CONFIG_COMMANDS = 
  $ ./config.status 

on marrabld-XPS-L521X

config.status:1221: creating Makefile
config.status:1221: creating base/Makefile
config.status:1221: creating base/testing/Makefile
config.status:1221: creating math/Makefile
config.status:1221: creating math/testing/Makefile
config.status:1221: creating file/Makefile
config.status:1221: creating file/testing/Makefile
config.status:1221: creating ds/Makefile
config.status:1221: creating ds/testing/Makefile
config.status:1221: creating S2/Makefile
config.status:1221: creating drawS2/Makefile
config.status:1221: creating drawS2/testing/Makefile
config.status:1221: creating S3/Makefile
config.status:1221: creating S3/testing/Makefile
config.status:1221: creating table/Makefile
config.status:1221: creating table/testing/Makefile
config.status:1221: creating rad/Makefile
config.status:1221: creating tool/Makefile
config.status:1221: creating chartS2/Makefile
config.status:1221: creating chartS2/testing/Makefile
config.status:1221: creating fe/Makefile
config.status:1221: creating wl/Makefile
config.status:1221: creating wl/testing/Makefile
config.status:1221: creating filetool/Makefile
config.status:1221: creating skytool/Makefile
config.status:1221: creating phasetool/Makefile
config.status:1221: creating slabtool/Makefile
config.status:1221: creating surftool/Makefile
config.status:1221: creating calctool/Makefile
config.status:1221: creating wltool/Makefile
config.status:1221: creating wltool/gui/Makefile
config.status:1221: creating planarrad/gui/Makefile
config.status:1221: creating testing/Makefile
config.status:1221: creating config.h
config.status:1435: executing depfiles commands
config.status:1435: executing libtool commands

## ---------------- ##
## Cache variables. ##
## ---------------- ##

ac_cv_build=x86_64-unknown-linux-gnu
ac_cv_c_compiler_gnu=yes
ac_cv_c_const=yes
ac_cv_c_inline=inline
ac_cv_cxx_compiler_gnu=yes
ac_cv_env_CCC_set=
ac_cv_env_CCC_value=
ac_cv_env_CC_set=
ac_cv_env_CC_value=
ac_cv_env_CFLAGS_set=
ac_cv_env_CFLAGS_value=
ac_cv_env_CPPFLAGS_set=
ac_cv_env_CPPFLAGS_value=
ac_cv_env_CPP_set=
ac_cv_env_CPP_value=
ac_cv_env_CXXCPP_set=
ac_cv_env_CXXCPP_value=
ac_cv_env_CXXFLAGS_set=
ac_cv_env_CXXFLAGS_value=
ac_cv_env_CXX_set=
ac_cv_env_CXX_value=
ac_cv_env_LDFLAGS_set=
ac_cv_env_LDFLAGS_value=
ac_cv_env_LIBS_set=
ac_cv_env_LIBS_value=
ac_cv_env_XMKMF_set=
ac_cv_env_XMKMF_value=
ac_cv_env_build_alias_set=
ac_cv_env_build_alias_value=
ac_cv_env_host_alias_set=
ac_cv_env_host_alias_value=
ac_cv_env_target_alias_set=
ac_cv_env_target_alias_value=
ac_cv_func__doprnt=no
ac_cv_func_floor=yes
ac_cv_func_gettimeofday=yes
ac_cv_func_ioperm=yes
ac_cv_func_memcmp_working=yes
ac_cv_func_memset=yes
ac_cv_func_posix_memalign=yes
ac_cv_func_pow=yes
ac_cv_func_sqrt=yes
ac_cv_func_vprintf=yes
ac_cv_have_x='have_x=yes	ac_x_includes='\'''\''	ac_x_libraries='\'''\'''
ac_cv_header_dlfcn_h=yes
ac_cv_header_inttypes_h=yes
ac_cv_header_memory_h=yes
ac_cv_header_stdbool_h=yes
ac_cv_header_stdc=yes
ac_cv_header_stdint_h=yes
ac_cv_header_stdlib_h=yes
ac_cv_header_string_h=yes
ac_cv_header_strings_h=yes
ac_cv_header_sys_stat_h=yes
ac_cv_header_sys_time_h=yes
ac_cv_header_sys_types_h=yes
ac_cv_header_time=yes
ac_cv_header_unistd_h=yes
ac_cv_host=x86_64-unknown-linux-gnu
ac_cv_lib_Xft_XftFontOpen=yes
ac_cv_objext=o
ac_cv_path_EGREP='/bin/grep -E'
ac_cv_path_FGREP='/bin/grep -F'
ac_cv_path_GREP=/bin/grep
ac_cv_path_SED=/bin/sed
ac_cv_path_install='/usr/bin/install -c'
ac_cv_path_mkdir=/bin/mkdir
ac_cv_prog_AWK=gawk
ac_cv_prog_CPP='gcc -E'
ac_cv_prog_CXXCPP='g++ -E'
ac_cv_prog_MOC=/home/marrabld/Apps/planarrad_free_src_0.9.4beta_2014_02_06/pretend_qt4_dir/bin/moc
ac_cv_prog_UIC=/home/marrabld/Apps/planarrad_free_src_0.9.4beta_2014_02_06/pretend_qt4_dir/bin/uic
ac_cv_prog_ac_ct_AR=ar
ac_cv_prog_ac_ct_CC=gcc
ac_cv_prog_ac_ct_CXX=g++
ac_cv_prog_ac_ct_DLLTOOL=dlltool
ac_cv_prog_ac_ct_MANIFEST_TOOL=mt
ac_cv_prog_ac_ct_OBJDUMP=objdump
ac_cv_prog_ac_ct_RANLIB=ranlib
ac_cv_prog_ac_ct_STRIP=strip
ac_cv_prog_cc_c89=
ac_cv_prog_cc_g=yes
ac_cv_prog_cxx_g=yes
ac_cv_prog_make_make_set=yes
ac_cv_type__Bool=yes
ac_cv_type_signal=void
ac_cv_type_size_t=yes
am_cv_CC_dependencies_compiler_type=gcc3
am_cv_CXX_dependencies_compiler_type=gcc3
lt_cv_ar_at_file=@
lt_cv_archive_cmds_need_lc=no
lt_cv_deplibs_check_method=pass_all
lt_cv_file_magic_cmd='$MAGIC_CMD'
lt_cv_file_magic_test_file=
lt_cv_ld_reload_flag=-r
lt_cv_nm_interface='BSD nm'
lt_cv_objdir=.libs
lt_cv_path_LD=/usr/bin/ld
lt_cv_path_LDCXX='/usr/bin/ld -m elf_x86_64'
lt_cv_path_NM='/usr/bin/nm -B'
lt_cv_path_mainfest_tool=no
lt_cv_prog_compiler_c_o=yes
lt_cv_prog_compiler_c_o_CXX=yes
lt_cv_prog_compiler_pic='-fPIC -DPIC'
lt_cv_prog_compiler_pic_CXX='-fPIC -DPIC'
lt_cv_prog_compiler_pic_works=yes
lt_cv_prog_compiler_pic_works_CXX=yes
lt_cv_prog_compiler_rtti_exceptions=no
lt_cv_prog_compiler_static_works=yes
lt_cv_prog_compiler_static_works_CXX=yes
lt_cv_prog_gnu_ld=yes
lt_cv_prog_gnu_ldcxx=yes
lt_cv_sharedlib_from_linklib_cmd='printf %s\n'
lt_cv_shlibpath_overrides_runpath=no
lt_cv_sys_global_symbol_pipe='sed -n -e '\''s/^.*[	 ]\([ABCDGIRSTW][ABCDGIRSTW]*\)[	 ][	 ]*\([_A-Za-z][_A-Za-z0-9]*\)$/\1 \2 \2/p'\'' | sed '\''/ __gnu_lto/d'\'''
lt_cv_sys_global_symbol_to_c_name_address='sed -n -e '\''s/^: \([^ ]*\)[ ]*$/  {\"\1\", (void *) 0},/p'\'' -e '\''s/^[ABCDGIRSTW]* \([^ ]*\) \([^ ]*\)$/  {"\2", (void *) \&\2},/p'\'''
lt_cv_sys_global_symbol_to_c_name_address_lib_prefix='sed -n -e '\''s/^: \([^ ]*\)[ ]*$/  {\"\1\", (void *) 0},/p'\'' -e '\''s/^[ABCDGIRSTW]* \([^ ]*\) \(lib[^ ]*\)$/  {"\2", (void *) \&\2},/p'\'' -e '\''s/^[ABCDGIRSTW]* \([^ ]*\) \([^ ]*\)$/  {"lib\2", (void *) \&\2},/p'\'''
lt_cv_sys_global_symbol_to_cdecl='sed -n -e '\''s/^T .* \(.*\)$/extern int \1();/p'\'' -e '\''s/^[ABCDGIRSTW]* .* \(.*\)$/extern char \1;/p'\'''
lt_cv_sys_max_cmd_len=1572864
lt_cv_to_host_file_cmd=func_convert_file_noop
lt_cv_to_tool_file_cmd=func_convert_file_noop

## ----------------- ##
## Output variables. ##
## ----------------- ##

ACLOCAL='${SHELL} /home/marrabld/Apps/planarrad_free_src_0.9.4beta_2014_02_06/config/missing --run aclocal-1.11'
AMDEPBACKSLASH='\'
AMDEP_FALSE='#'
AMDEP_TRUE=''
AMTAR='$${TAR-tar}'
AR='ar'
AS='as'
AUTOCONF='${SHELL} /home/marrabld/Apps/planarrad_free_src_0.9.4beta_2014_02_06/config/missing --run autoconf'
AUTOHEADER='${SHELL} /home/marrabld/Apps/planarrad_free_src_0.9.4beta_2014_02_06/config/missing --run autoheader'
AUTOMAKE='${SHELL} /home/marrabld/Apps/planarrad_free_src_0.9.4beta_2014_02_06/config/missing --run automake-1.11'
AWK='gawk'
CC='gcc'
CCDEPMODE='depmode=gcc3'
CFLAGS='-g -O2'
CPP='gcc -E'
CPPFLAGS=''
CXX='g++'
CXXCPP='g++ -E'
CXXDEPMODE='depmode=gcc3'
CXXFLAGS=' -Wall -DNDEBUG -O2 -ffast-math -fno-math-errno -funsafe-math-optimizations -ffinite-math-only -fno-trapping-math -fno-strict-aliasing'
CYGPATH_W='echo'
DEFS='-DHAVE_CONFIG_H'
DEPDIR='.deps'
DLLTOOL='dlltool'
DSYMUTIL=''
DUMPBIN=''
ECHO_C=''
ECHO_N='-n'
ECHO_T=''
EGREP='/bin/grep -E'
EXEEXT=''
FGREP='/bin/grep -F'
GREP='/bin/grep'
INSTALL_DATA='${INSTALL} -m 644'
INSTALL_PROGRAM='${INSTALL}'
INSTALL_SCRIPT='${INSTALL}'
INSTALL_STRIP_PROGRAM='$(install_sh) -c -s'
LD='/usr/bin/ld -m elf_x86_64'
LDFLAGS=''
LIBOBJS=''
LIBS='-L/home/marrabld/Apps/planarrad_free_src_0.9.4beta_2014_02_06/pretend_qt4_dir/lib -lQtCore -lQtGui -lQt3Support -lXext -lX11 -lm -lSM -lICE -ldl -ljpeg'
LIBTOOL='$(SHELL) $(top_builddir)/libtool'
LIPO=''
LN_S='ln -s'
LTLIBOBJS=''
MAKEINFO='${SHELL} /home/marrabld/Apps/planarrad_free_src_0.9.4beta_2014_02_06/config/missing --run makeinfo'
MANIFEST_TOOL=':'
MKDIR_P='/bin/mkdir -p'
MOC='/home/marrabld/Apps/planarrad_free_src_0.9.4beta_2014_02_06/pretend_qt4_dir/bin/moc'
NM='/usr/bin/nm -B'
NMEDIT=''
OBJDUMP='objdump'
OBJEXT='o'
OTOOL64=''
OTOOL=''
PACKAGE='jude'
PACKAGE_BUGREPORT='j.d.hedley@planarrad.com'
PACKAGE_NAME='jude'
PACKAGE_STRING='jude 2.0'
PACKAGE_TARNAME='jude'
PACKAGE_URL=''
PACKAGE_VERSION='2.0'
PATH_SEPARATOR=':'
QASSISTANTCLIENT_LDADD='-lqassistantclient'
QTDIR='/home/marrabld/Apps/planarrad_free_src_0.9.4beta_2014_02_06/pretend_qt4_dir'
QTLIBS=''
QT_CXXFLAGS='-I/home/marrabld/Apps/planarrad_free_src_0.9.4beta_2014_02_06/pretend_qt4_dir/include -I/home/marrabld/Apps/planarrad_free_src_0.9.4beta_2014_02_06/pretend_qt4_dir/include/QtCore -I/home/marrabld/Apps/planarrad_free_src_0.9.4beta_2014_02_06/pretend_qt4_dir/include/QtGui -I/home/marrabld/Apps/planarrad_free_src_0.9.4beta_2014_02_06/pretend_qt4_dir/include/Qt3Support -DQT3_SUPPORT -D_REENTRANT -DQT_THREAD_SUPPORT'
QT_GUILINK=''
QT_LDADD='-L/home/marrabld/Apps/planarrad_free_src_0.9.4beta_2014_02_06/pretend_qt4_dir/lib -lQtCore -lQtGui -lQt3Support -lXext -lX11 -lm -lSM -lICE -ldl -ljpeg -lXft'
QT_MAJOR='4'
QT_MAJOR_IS_4_FALSE='#'
QT_MAJOR_IS_4_TRUE=''
QT_STATIC_LIB='/home/marrabld/Apps/planarrad_free_src_0.9.4beta_2014_02_06/pretend_qt4_dir/lib/QtCore4.a /home/marrabld/Apps/planarrad_free_src_0.9.4beta_2014_02_06/pretend_qt4_dir/lib/QtGui4.a /home/marrabld/Apps/planarrad_free_src_0.9.4beta_2014_02_06/pretend_qt4_dir/lib/Qt3Support.a'
RANLIB='ranlib'
SED='/bin/sed'
SET_MAKE=''
SHELL='/bin/bash'
STRIP='strip'
UIC='/home/marrabld/Apps/planarrad_free_src_0.9.4beta_2014_02_06/pretend_qt4_dir/bin/uic'
VERSION='2.0'
WIN32_FALSE=''
WIN32_TRUE='#'
WITH_QT_FALSE='#'
WITH_QT_TRUE=''
XMKMF=''
ac_ct_AR='ar'
ac_ct_CC='gcc'
ac_ct_CXX='g++'
ac_ct_DUMPBIN=''
am__EXEEXT_FALSE=''
am__EXEEXT_TRUE='#'
am__fastdepCC_FALSE='#'
am__fastdepCC_TRUE=''
am__fastdepCXX_FALSE='#'
am__fastdepCXX_TRUE=''
am__include='include'
am__isrc=' -I$(srcdir)'
am__leading_dot='.'
am__nodep='_no'
am__quote=''
am__tar='$${TAR-tar} chof - "$$tardir"'
am__untar='$${TAR-tar} xf -'
bindir='${exec_prefix}/bin'
build='x86_64-unknown-linux-gnu'
build_alias=''
build_cpu='x86_64'
build_os='linux-gnu'
build_vendor='unknown'
datadir='${datarootdir}'
datarootdir='${prefix}/share'
docdir='${datarootdir}/doc/${PACKAGE_TARNAME}'
dvidir='${docdir}'
exec_prefix='${prefix}'
host='x86_64-unknown-linux-gnu'
host_alias=''
host_cpu='x86_64'
host_os='linux-gnu'
host_vendor='unknown'
htmldir='${docdir}'
includedir='${prefix}/include'
infodir='${datarootdir}/info'
install_sh='${SHELL} /home/marrabld/Apps/planarrad_free_src_0.9.4beta_2014_02_06/config/install-sh'
libdir='${exec_prefix}/lib'
libexecdir='${exec_prefix}/libexec'
localedir='${datarootdir}/locale'
localstatedir='${prefix}/var'
mandir='${datarootdir}/man'
mkdir_p='/bin/mkdir -p'
oldincludedir='/usr/include'
pdfdir='${docdir}'
prefix='/home/marrabld/Apps/jude2_install'
program_transform_name='s,x,x,'
psdir='${docdir}'
sbindir='${exec_prefix}/sbin'
sharedstatedir='${prefix}/com'
sysconfdir='${prefix}/etc'
target_alias=''

## ----------- ##
## confdefs.h. ##
## ----------- ##

/* confdefs.h */
#define PACKAGE_NAME "jude"
#define PACKAGE_TARNAME "jude"
#define PACKAGE_VERSION "2.0"
#define PACKAGE_STRING "jude 2.0"
#define PACKAGE_BUGREPORT "j.d.hedley@planarrad.com"
#define PACKAGE_URL ""
#define PACKAGE "jude"
#define VERSION "2.0"
#define STDC_HEADERS 1
#define HAVE_SYS_TYPES_H 1
#define HAVE_SYS_STAT_H 1
#define HAVE_STDLIB_H 1
#define HAVE_STRING_H 1
#define HAVE_MEMORY_H 1
#define HAVE_STRINGS_H 1
#define HAVE_INTTYPES_H 1
#define HAVE_STDINT_H 1
#define HAVE_UNISTD_H 1
#define HAVE_DLFCN_H 1
#define LT_OBJDIR ".libs/"
#define FREE_VERSION 1
#define HAVE_POSIX_MEMALIGN 1
#define HAVE_IOPERM 1
#define HAVE_FLOOR 1
#define HAVE_GETTIMEOFDAY 1
#define HAVE_MEMSET 1
#define HAVE_POW 1
#define HAVE_SQRT 1
#define HAVE_SYS_TIME_H 1
#define HAVE_VPRINTF 1
#define HAVE__BOOL 1
#define HAVE_STDBOOL_H 1
#define TIME_WITH_SYS_TIME 1
#define RETSIGTYPE void

configure: exit 0
